[debug] > Exec(;reload; set _root_.org.jetbrains.sbt.StructureKeys.sbtStructureOptions in Global := "download resolveClassifiers" ;preferScala2;*/*:dumpStructureTo C:/Users/Domin/AppData/Local/Temp/sbt-structure.xml; session clear-all ; set ideaPort in Global := 6160, None, None)
[debug] > Exec(reload, None, None)
[debug] > Exec(sbtStashOnFailure, None, None)
[debug] > Exec(onFailure loadFailed, None, None)
[debug] > Exec(loadp, None, None)
[info] welcome to sbt 1.8.3 (Amazon.com Inc. Java 18.0.2)
[debug]       Load.loadUnit: plugins took 34.2573ms
[debug]       Load.loadUnit: defsScala took 0.0085ms
[debug] [Loading] Scanning directory C:\Users\Domin\.sbt\1.0\plugins
[debug] [Loading] Found non-root projects 
[debug] [Loading] Done in C:\Users\Domin\.sbt\1.0\plugins, returning: ()
[debug] deducing auto plugins based on known facts Set(Atom(sbt.plugins.CorePlugin)) and clauses Clauses(Clause(Atom(sbt.plugins.JvmPlugin),Set(Atom(sbt.plugins.IvyPlugin)))
[debug] Clause(Atom(sbt.ScriptedPlugin),Set(Atom(sbt.plugins.JvmPlugin)))
[debug] Clause(Atom(sbt.plugins.SbtPlugin),Set(Atom(sbt.ScriptedPlugin)))
[debug] Clause(Atom(sbt.plugins.SemanticdbPlugin),Set(Atom(sbt.plugins.JvmPlugin)))
[debug] Clause(Atom(sbt.plugins.JUnitXmlReportPlugin),Set(Atom(sbt.plugins.JvmPlugin)))
[debug] Clause(Atom(sbt.plugins.MiniDependencyTreePlugin),Set(Atom(sbt.plugins.JvmPlugin)))
[debug] Clause(Atom(sbt.plugins.CorePlugin),Set(Atom(sbt.plugins.IvyPlugin)))
[debug] Clause(Atom(sbt.plugins.IvyPlugin),Set(Atom(sbt.plugins.JvmPlugin)))
[debug] Clause(Atom(sbt.plugins.JvmPlugin),Set(Atom(sbt.plugins.SemanticdbPlugin)))
[debug] Clause(Atom(sbt.plugins.JvmPlugin),Set(Atom(sbt.plugins.JUnitXmlReportPlugin)))
[debug] Clause(Atom(sbt.plugins.CorePlugin),Set(Atom(sbt.plugins.Giter8TemplatePlugin)))
[debug] Clause(Atom(sbt.plugins.JvmPlugin),Set(Atom(sbt.plugins.MiniDependencyTreePlugin))))
[debug]   :: deduced result: Matched(sbt.plugins.CorePlugin,sbt.plugins.Giter8TemplatePlugin,sbt.plugins.IvyPlugin,sbt.plugins.JvmPlugin,sbt.plugins.MiniDependencyTreePlugin,sbt.plugins.JUnitXmlReportPlugin,sbt.plugins.SemanticdbPlugin)
[debug] Plugins.deducer#function took 2.5604 ms
[debug]           Load.resolveProject(global-plugins) took 5.7959ms
[debug]         Load.loadTransitive: finalizeProject(Project(id global-plugins, base: C:\Users\Domin\.sbt\1.0\plugins, plugins: List(<none>))) took 10.1099ms
[debug] [Loading] Done in C:\Users\Domin\.sbt\1.0\plugins, returning: (global-plugins)
[debug]       Load.loadUnit: loadedProjectsRaw took 13.5383ms
[debug]       Load.loadUnit: cleanEvalClasses took 0.0111ms
[debug]     Load.loadUnit(file:/C:/Users/Domin/.sbt/1.0/plugins/, ...) took 49.4716ms
[debug]   Load.apply: load took 55.2687ms
[debug]   Load.apply: resolveProjects took 0.552ms
[debug]   Load.apply: finalTransforms took 12.8236ms
[debug]   Load.apply: config.delegates took 0.8173ms
[debug]   Load.apply: Def.make(settings)... took 42.1953ms
[debug]   Load.apply: structureIndex took 10.1187ms
[debug]   Load.apply: mkStreams took 0.0132ms
[info] loading global plugins from C:\Users\Domin\.sbt\1.0\plugins
[debug] Running task... Cancel: Signal, check cycles: false, forcegc: true
[debug] Forcing garbage collection...
[debug] Load.defaultLoad until apply took 531.1275ms
[debug]           Load.loadUnit: plugins took 18.2232ms
[debug]           Load.loadUnit: defsScala took 0.0024ms
[debug] [Loading] Scanning directory C:\Users\Domin\Documents\Studia\4_semestr\Programowanie_w_jezyku_Scala\ants\project
[debug]             Load.loadUnit: mkEval took 0.2025ms
[debug] [Loading] Found non-root projects 
[debug] [Loading] Done in C:\Users\Domin\Documents\Studia\4_semestr\Programowanie_w_jezyku_Scala\ants\project, returning: ()
[debug] deducing auto plugins based on known facts Set(Atom(sbt.plugins.CorePlugin)) and clauses Clauses(Clause(Atom(sbt.plugins.JvmPlugin),Set(Atom(sbt.plugins.IvyPlugin)))
[debug] Clause(Atom(sbt.ScriptedPlugin),Set(Atom(sbt.plugins.JvmPlugin)))
[debug] Clause(Atom(sbt.plugins.SbtPlugin),Set(Atom(sbt.ScriptedPlugin)))
[debug] Clause(Atom(sbt.plugins.SemanticdbPlugin),Set(Atom(sbt.plugins.JvmPlugin)))
[debug] Clause(Atom(sbt.plugins.JUnitXmlReportPlugin),Set(Atom(sbt.plugins.JvmPlugin)))
[debug] Clause(Atom(sbt.plugins.MiniDependencyTreePlugin),Set(Atom(sbt.plugins.JvmPlugin)))
[debug] Clause(Atom(sbt.plugins.CorePlugin),Set(Atom(sbt.plugins.IvyPlugin)))
[debug] Clause(Atom(sbt.plugins.IvyPlugin),Set(Atom(sbt.plugins.JvmPlugin)))
[debug] Clause(Atom(sbt.plugins.JvmPlugin),Set(Atom(sbt.plugins.SemanticdbPlugin)))
[debug] Clause(Atom(sbt.plugins.JvmPlugin),Set(Atom(sbt.plugins.JUnitXmlReportPlugin)))
[debug] Clause(Atom(sbt.plugins.CorePlugin),Set(Atom(sbt.plugins.Giter8TemplatePlugin)))
[debug] Clause(Atom(sbt.plugins.JvmPlugin),Set(Atom(sbt.plugins.MiniDependencyTreePlugin))))
[debug]   :: deduced result: Matched(sbt.plugins.CorePlugin,sbt.plugins.Giter8TemplatePlugin,sbt.plugins.IvyPlugin,sbt.plugins.JvmPlugin,sbt.plugins.MiniDependencyTreePlugin,sbt.plugins.JUnitXmlReportPlugin,sbt.plugins.SemanticdbPlugin)
[debug] Plugins.deducer#function took 0.7382 ms
[info] loading settings for project ants-build from idea.sbt ...
[debug]               Load.resolveProject(ants-build) took 1.3831ms
[debug]             Load.loadTransitive: finalizeProject(Project(id ants-build, base: C:\Users\Domin\Documents\Studia\4_semestr\Programowanie_w_jezyku_Scala\ants\project, plugins: List(<none>))) took 2.4017ms
[debug] [Loading] Done in C:\Users\Domin\Documents\Studia\4_semestr\Programowanie_w_jezyku_Scala\ants\project, returning: (ants-build)
[debug]           Load.loadUnit: loadedProjectsRaw took 17.7373ms
[debug]           Load.loadUnit: cleanEvalClasses took 3.6712ms
[debug]         Load.loadUnit(file:/C:/Users/Domin/Documents/Studia/4_semestr/Programowanie_w_jezyku_Scala/ants/project/, ...) took 40.3644ms
[debug]       Load.apply: load took 41.458ms
[debug]       Load.apply: resolveProjects took 0.0668ms
[debug]       Load.apply: finalTransforms took 3.8826ms
[debug]       Load.apply: config.delegates took 0.1884ms
[debug]       Load.apply: Def.make(settings)... took 26.2876ms
[debug]       Load.apply: structureIndex took 7.8963ms
[debug]       Load.apply: mkStreams took 0.0025ms
[info] loading project definition from C:\Users\Domin\Documents\Studia\4_semestr\Programowanie_w_jezyku_Scala\ants\project
[debug] Running task... Cancel: Signal, check cycles: false, forcegc: true
[debug]     Load.loadUnit: plugins took 165.7329ms
[debug]     Load.loadUnit: defsScala took 0.0019ms
[debug] [Loading] Scanning directory C:\Users\Domin\Documents\Studia\4_semestr\Programowanie_w_jezyku_Scala\ants
[debug]       Load.loadUnit: mkEval took 0.2949ms
[debug] [Loading] Found root project root w/ remaining 
[debug] deducing auto plugins based on known facts Set(Atom(sbt.plugins.CorePlugin)) and clauses Clauses(Clause(Atom(sbt.plugins.JvmPlugin),Set(Atom(sbt.plugins.IvyPlugin)))
[debug] Clause(Atom(sbt.ScriptedPlugin),Set(Atom(sbt.plugins.JvmPlugin)))
[debug] Clause(Atom(sbt.plugins.SbtPlugin),Set(Atom(sbt.ScriptedPlugin)))
[debug] Clause(Atom(sbt.plugins.SemanticdbPlugin),Set(Atom(sbt.plugins.JvmPlugin)))
[debug] Clause(Atom(sbt.plugins.JUnitXmlReportPlugin),Set(Atom(sbt.plugins.JvmPlugin)))
[debug] Clause(Atom(sbt.plugins.MiniDependencyTreePlugin),Set(Atom(sbt.plugins.JvmPlugin)))
[debug] Clause(Atom(org.jetbrains.sbt.StructurePlugin),Set(Atom(sbt.plugins.JvmPlugin)))
[debug] Clause(Atom(org.jetbrains.sbt.IdeaShellPlugin),Set(Atom(sbt.plugins.JvmPlugin)))
[debug] Clause(Atom(org.jetbrains.sbt.indices.SbtIntellijIndicesPlugin),Set(Atom(sbt.plugins.JvmPlugin)))
[debug] Clause(Atom(sbt.plugins.CorePlugin),Set(Atom(sbt.plugins.IvyPlugin)))
[debug] Clause(Atom(sbt.plugins.IvyPlugin),Set(Atom(sbt.plugins.JvmPlugin)))
[debug] Clause(Atom(sbt.plugins.JvmPlugin),Set(Atom(sbt.plugins.SemanticdbPlugin)))
[debug] Clause(Atom(sbt.plugins.JvmPlugin),Set(Atom(sbt.plugins.JUnitXmlReportPlugin)))
[debug] Clause(Atom(sbt.plugins.CorePlugin),Set(Atom(sbt.plugins.Giter8TemplatePlugin)))
[debug] Clause(Atom(sbt.plugins.JvmPlugin),Set(Atom(sbt.plugins.MiniDependencyTreePlugin)))
[debug] Clause(Atom(sbt.plugins.JvmPlugin),Set(Atom(org.jetbrains.sbt.StructurePlugin)))
[debug] Clause(Atom(sbt.plugins.JvmPlugin),Set(Atom(org.jetbrains.sbt.IdeaShellPlugin)))
[debug] Clause(And(Set(Atom(sbt.plugins.CorePlugin), Atom(sbt.plugins.JvmPlugin))),Set(Atom(org.jetbrains.sbt.indices.SbtIntellijIndicesPlugin))))
[debug]   :: deduced result: Matched(sbt.plugins.CorePlugin,sbt.plugins.Giter8TemplatePlugin,sbt.plugins.IvyPlugin,sbt.plugins.JvmPlugin,sbt.plugins.SemanticdbPlugin,org.jetbrains.sbt.indices.SbtIntellijIndicesPlugin,sbt.plugins.JUnitXmlReportPlugin,org.jetbrains.sbt.IdeaShellPlugin,org.jetbrains.sbt.StructurePlugin,sbt.plugins.MiniDependencyTreePlugin)
[debug] Plugins.deducer#function took 1.0604 ms
[info] loading settings for project root from build.sbt ...
[debug]         Load.resolveProject(root) took 29.1977ms
[debug]       Load.loadTransitive: finalizeProject(Project(id root, base: C:\Users\Domin\Documents\Studia\4_semestr\Programowanie_w_jezyku_Scala\ants, plugins: List(<none>))) took 30.6393ms
[debug] [Loading] Done in C:\Users\Domin\Documents\Studia\4_semestr\Programowanie_w_jezyku_Scala\ants, returning: (root)
[debug]     Load.loadUnit: loadedProjectsRaw took 405.6088ms
[debug]     Load.loadUnit: cleanEvalClasses took 17.2676ms
[debug]   Load.loadUnit(file:/C:/Users/Domin/Documents/Studia/4_semestr/Programowanie_w_jezyku_Scala/ants/, ...) took 589.3079ms
[debug] Load.apply: load took 590.5018ms
[debug] Load.apply: resolveProjects took 0.1012ms
[debug] Load.apply: finalTransforms took 15.6401ms
[debug] Load.apply: config.delegates took 0.2542ms
[debug] Load.apply: Def.make(settings)... took 35.7156ms
[debug] Load.apply: structureIndex took 7.6729ms
[debug] Load.apply: mkStreams took 0.0028ms
[warn] Discarding 1 session setting.  Use 'session save' to persist session settings.
[info] set current project to ants (in build file:/C:/Users/Domin/Documents/Studia/4_semestr/Programowanie_w_jezyku_Scala/ants/)
[debug] > Exec(sbtPopOnFailure, None, None)
[debug] > Exec(resumeFromFailure, None, None)
[debug] > Exec(set _root_.org.jetbrains.sbt.StructureKeys.sbtStructureOptions in Global := "download resolveClassifiers", None, None)
[info] Defining Global / sbtStructureOptions
[info] The new value will be used by Global / ssOptions
[debug] Defining 
[debug] 	Global / sbtStructureOptions
[debug] 
[debug] The new value will be used by 
[debug] 	Global / ssOptions
[info] Reapplying settings...
[info] set current project to ants (in build file:/C:/Users/Domin/Documents/Studia/4_semestr/Programowanie_w_jezyku_Scala/ants/)
[debug] > Exec(preferScala2, None, None)
[debug] > Exec(*/*:dumpStructureTo C:/Users/Domin/AppData/Local/Temp/sbt-structure.xml, None, None)
[debug] Evaluating tasks: Global / dumpStructureTo
[warn] sbt 0.13 shell syntax is deprecated; use slash syntax instead: Global / dumpStructureTo
[debug] Running task... Cancel: Signal, check cycles: false, forcegc: true
[info] Writing structure to C:\Users\Domin\AppData\Local\Temp\sbt-structure.xml...
[info] Done.
[success] Total time: 0 s, completed 14 Jun 2023, 12:24:24
[debug] > Exec(session clear-all, None, None)
[info] Reapplying settings...
[info] set current project to ants (in build file:/C:/Users/Domin/Documents/Studia/4_semestr/Programowanie_w_jezyku_Scala/ants/)
[debug] > Exec(set ideaPort in Global := 6160, None, None)
[info] Defining Global / ideaPort
[info] The new value will be used by Compile / compile, Test / compile
[debug] Defining 
[debug] 	Global / ideaPort
[debug] 
[debug] The new value will be used by 
[debug] 	Compile / compile
[debug] 	Test / compile
[info] Reapplying settings...
[info] set current project to ants (in build file:/C:/Users/Domin/Documents/Studia/4_semestr/Programowanie_w_jezyku_Scala/ants/)
[debug] > Exec(idea-shell, None, None)
[debug] > Exec(, None, None)
[debug] > Exec(idea-shell, None, None)
