[debug] > Exec(early(addDefaultCommands), None, None)
[debug] > Exec(addDefaultCommands, None, None)
[debug] > Exec(early(initialize), None, None)
[debug] > Exec(initialize, None, None)
[debug] > Exec(early(addPluginSbtFile="""C:\Users\Domin\AppData\Local\Temp\idea10.sbt"""), None, None)
[debug] > Exec(addPluginSbtFile="""C:\Users\Domin\AppData\Local\Temp\idea10.sbt""", None, None)
[debug] > Exec(boot, None, None)
[debug] > Exec(writeSbtVersion, None, None)
[debug] > Exec(reload, None, None)
[debug] > Exec(sbtStashOnFailure, None, None)
[debug] > Exec(onFailure loadFailed, None, None)
[debug] > Exec(loadp, None, None)
[info] welcome to sbt 1.8.3 (Amazon.com Inc. Java 18.0.2)
[debug]       Load.loadUnit: plugins took 88.4115ms
[debug]       Load.loadUnit: defsScala took 0.2499ms
[debug] [Loading] Scanning directory C:\Users\Domin\.sbt\1.0\plugins
[debug] [Loading] Found non-root projects 
[debug] [Loading] Done in C:\Users\Domin\.sbt\1.0\plugins, returning: ()
[debug] deducing auto plugins based on known facts Set(Atom(sbt.plugins.CorePlugin)) and clauses Clauses(Clause(Atom(sbt.plugins.JvmPlugin),Set(Atom(sbt.plugins.IvyPlugin)))
[debug] Clause(Atom(sbt.ScriptedPlugin),Set(Atom(sbt.plugins.JvmPlugin)))
[debug] Clause(Atom(sbt.plugins.SbtPlugin),Set(Atom(sbt.ScriptedPlugin)))
[debug] Clause(Atom(sbt.plugins.SemanticdbPlugin),Set(Atom(sbt.plugins.JvmPlugin)))
[debug] Clause(Atom(sbt.plugins.JUnitXmlReportPlugin),Set(Atom(sbt.plugins.JvmPlugin)))
[debug] Clause(Atom(sbt.plugins.MiniDependencyTreePlugin),Set(Atom(sbt.plugins.JvmPlugin)))
[debug] Clause(Atom(sbt.plugins.CorePlugin),Set(Atom(sbt.plugins.IvyPlugin)))
[debug] Clause(Atom(sbt.plugins.IvyPlugin),Set(Atom(sbt.plugins.JvmPlugin)))
[debug] Clause(Atom(sbt.plugins.JvmPlugin),Set(Atom(sbt.plugins.SemanticdbPlugin)))
[debug] Clause(Atom(sbt.plugins.JvmPlugin),Set(Atom(sbt.plugins.JUnitXmlReportPlugin)))
[debug] Clause(Atom(sbt.plugins.CorePlugin),Set(Atom(sbt.plugins.Giter8TemplatePlugin)))
[debug] Clause(Atom(sbt.plugins.JvmPlugin),Set(Atom(sbt.plugins.MiniDependencyTreePlugin))))
[debug]   :: deduced result: Matched(sbt.plugins.CorePlugin,sbt.plugins.Giter8TemplatePlugin,sbt.plugins.IvyPlugin,sbt.plugins.JvmPlugin,sbt.plugins.MiniDependencyTreePlugin,sbt.plugins.JUnitXmlReportPlugin,sbt.plugins.SemanticdbPlugin)
[debug] Plugins.deducer#function took 19.0258 ms
[debug]           Load.resolveProject(global-plugins) took 48.1063ms
[debug]         Load.loadTransitive: finalizeProject(Project(id global-plugins, base: C:\Users\Domin\.sbt\1.0\plugins, plugins: List(<none>))) took 93.4696ms
[debug] [Loading] Done in C:\Users\Domin\.sbt\1.0\plugins, returning: (global-plugins)
[debug]       Load.loadUnit: loadedProjectsRaw took 129.5632ms
[debug]       Load.loadUnit: cleanEvalClasses took 0.3407ms
[debug]     Load.loadUnit(file:/C:/Users/Domin/.sbt/1.0/plugins/, ...) took 230.6376ms
[debug]   Load.apply: load took 416.8335ms
[debug]   Load.apply: resolveProjects took 5.5862ms
[debug]   Load.apply: finalTransforms took 57.9415ms
[debug]   Load.apply: config.delegates took 7.8461ms
[debug]   Load.apply: Def.make(settings)... took 371.8886ms
[debug]   Load.apply: structureIndex took 94.0265ms
[debug]   Load.apply: mkStreams took 1.7515ms
[info] loading global plugins from C:\Users\Domin\.sbt\1.0\plugins
[debug] Running task... Cancel: Signal, check cycles: false, forcegc: true
[debug] Load.defaultLoad until apply took 2041.7113ms
[debug]           Load.loadUnit: plugins took 23.9679ms
[debug]           Load.loadUnit: defsScala took 0.0058ms
[debug] [Loading] Scanning directory C:\Users\Domin\Documents\Studia\4_semestr\Programowanie_w_jezyku_Scala\ants\project
[debug]             Load.loadUnit: mkEval took 5.0507ms
[debug] [Loading] Found non-root projects 
[debug] [Loading] Done in C:\Users\Domin\Documents\Studia\4_semestr\Programowanie_w_jezyku_Scala\ants\project, returning: ()
[debug] deducing auto plugins based on known facts Set(Atom(sbt.plugins.CorePlugin)) and clauses Clauses(Clause(Atom(sbt.plugins.JvmPlugin),Set(Atom(sbt.plugins.IvyPlugin)))
[debug] Clause(Atom(sbt.ScriptedPlugin),Set(Atom(sbt.plugins.JvmPlugin)))
[debug] Clause(Atom(sbt.plugins.SbtPlugin),Set(Atom(sbt.ScriptedPlugin)))
[debug] Clause(Atom(sbt.plugins.SemanticdbPlugin),Set(Atom(sbt.plugins.JvmPlugin)))
[debug] Clause(Atom(sbt.plugins.JUnitXmlReportPlugin),Set(Atom(sbt.plugins.JvmPlugin)))
[debug] Clause(Atom(sbt.plugins.MiniDependencyTreePlugin),Set(Atom(sbt.plugins.JvmPlugin)))
[debug] Clause(Atom(sbt.plugins.CorePlugin),Set(Atom(sbt.plugins.IvyPlugin)))
[debug] Clause(Atom(sbt.plugins.IvyPlugin),Set(Atom(sbt.plugins.JvmPlugin)))
[debug] Clause(Atom(sbt.plugins.JvmPlugin),Set(Atom(sbt.plugins.SemanticdbPlugin)))
[debug] Clause(Atom(sbt.plugins.JvmPlugin),Set(Atom(sbt.plugins.JUnitXmlReportPlugin)))
[debug] Clause(Atom(sbt.plugins.CorePlugin),Set(Atom(sbt.plugins.Giter8TemplatePlugin)))
[debug] Clause(Atom(sbt.plugins.JvmPlugin),Set(Atom(sbt.plugins.MiniDependencyTreePlugin))))
[debug]   :: deduced result: Matched(sbt.plugins.CorePlugin,sbt.plugins.Giter8TemplatePlugin,sbt.plugins.IvyPlugin,sbt.plugins.JvmPlugin,sbt.plugins.MiniDependencyTreePlugin,sbt.plugins.JUnitXmlReportPlugin,sbt.plugins.SemanticdbPlugin)
[debug] Plugins.deducer#function took 1.6575 ms
[info] loading settings for project ants-build from idea10.sbt ...
[debug]               Load.resolveProject(ants-build) took 6.512ms
[debug]             Load.loadTransitive: finalizeProject(Project(id ants-build, base: C:\Users\Domin\Documents\Studia\4_semestr\Programowanie_w_jezyku_Scala\ants\project, plugins: List(<none>))) took 8.7815ms
[debug] [Loading] Done in C:\Users\Domin\Documents\Studia\4_semestr\Programowanie_w_jezyku_Scala\ants\project, returning: (ants-build)
[debug]           Load.loadUnit: loadedProjectsRaw took 132.8346ms
[debug]           Load.loadUnit: cleanEvalClasses took 7.1509ms
[debug]         Load.loadUnit(file:/C:/Users/Domin/Documents/Studia/4_semestr/Programowanie_w_jezyku_Scala/ants/project/, ...) took 165.105ms
[debug]       Load.apply: load took 166.5696ms
[debug]       Load.apply: resolveProjects took 0.1273ms
[debug]       Load.apply: finalTransforms took 9.8105ms
[debug]       Load.apply: config.delegates took 0.4681ms
[debug]       Load.apply: Def.make(settings)... took 90.0437ms
[debug]       Load.apply: structureIndex took 37.9313ms
[debug]       Load.apply: mkStreams took 0.0033ms
[info] loading project definition from C:\Users\Domin\Documents\Studia\4_semestr\Programowanie_w_jezyku_Scala\ants\project
[debug] Running task... Cancel: Signal, check cycles: false, forcegc: true
[debug]     Load.loadUnit: plugins took 539.1491ms
[debug]     Load.loadUnit: defsScala took 0.0044ms
[debug] [Loading] Scanning directory C:\Users\Domin\Documents\Studia\4_semestr\Programowanie_w_jezyku_Scala\ants
[debug]       Load.loadUnit: mkEval took 0.26ms
[debug] [Loading] Found root project root w/ remaining 
[debug] deducing auto plugins based on known facts Set(Atom(sbt.plugins.CorePlugin)) and clauses Clauses(Clause(Atom(sbt.plugins.JvmPlugin),Set(Atom(sbt.plugins.IvyPlugin)))
[debug] Clause(Atom(sbt.ScriptedPlugin),Set(Atom(sbt.plugins.JvmPlugin)))
[debug] Clause(Atom(sbt.plugins.SbtPlugin),Set(Atom(sbt.ScriptedPlugin)))
[debug] Clause(Atom(sbt.plugins.SemanticdbPlugin),Set(Atom(sbt.plugins.JvmPlugin)))
[debug] Clause(Atom(sbt.plugins.JUnitXmlReportPlugin),Set(Atom(sbt.plugins.JvmPlugin)))
[debug] Clause(Atom(sbt.plugins.MiniDependencyTreePlugin),Set(Atom(sbt.plugins.JvmPlugin)))
[debug] Clause(Atom(org.jetbrains.sbt.StructurePlugin),Set(Atom(sbt.plugins.JvmPlugin)))
[debug] Clause(Atom(org.jetbrains.sbt.IdeaShellPlugin),Set(Atom(sbt.plugins.JvmPlugin)))
[debug] Clause(Atom(org.jetbrains.sbt.indices.SbtIntellijIndicesPlugin),Set(Atom(sbt.plugins.JvmPlugin)))
[debug] Clause(Atom(sbt.plugins.CorePlugin),Set(Atom(sbt.plugins.IvyPlugin)))
[debug] Clause(Atom(sbt.plugins.IvyPlugin),Set(Atom(sbt.plugins.JvmPlugin)))
[debug] Clause(Atom(sbt.plugins.JvmPlugin),Set(Atom(sbt.plugins.SemanticdbPlugin)))
[debug] Clause(Atom(sbt.plugins.JvmPlugin),Set(Atom(sbt.plugins.JUnitXmlReportPlugin)))
[debug] Clause(Atom(sbt.plugins.CorePlugin),Set(Atom(sbt.plugins.Giter8TemplatePlugin)))
[debug] Clause(Atom(sbt.plugins.JvmPlugin),Set(Atom(sbt.plugins.MiniDependencyTreePlugin)))
[debug] Clause(Atom(sbt.plugins.JvmPlugin),Set(Atom(org.jetbrains.sbt.StructurePlugin)))
[debug] Clause(Atom(sbt.plugins.JvmPlugin),Set(Atom(org.jetbrains.sbt.IdeaShellPlugin)))
[debug] Clause(And(Set(Atom(sbt.plugins.CorePlugin), Atom(sbt.plugins.JvmPlugin))),Set(Atom(org.jetbrains.sbt.indices.SbtIntellijIndicesPlugin))))
[debug]   :: deduced result: Matched(sbt.plugins.CorePlugin,sbt.plugins.Giter8TemplatePlugin,sbt.plugins.IvyPlugin,sbt.plugins.JvmPlugin,sbt.plugins.SemanticdbPlugin,org.jetbrains.sbt.indices.SbtIntellijIndicesPlugin,sbt.plugins.JUnitXmlReportPlugin,org.jetbrains.sbt.IdeaShellPlugin,org.jetbrains.sbt.StructurePlugin,sbt.plugins.MiniDependencyTreePlugin)
[debug] Plugins.deducer#function took 2.1512 ms
[info] loading settings for project root from build.sbt ...
[debug]         Load.resolveProject(root) took 31.026ms
[debug]       Load.loadTransitive: finalizeProject(Project(id root, base: C:\Users\Domin\Documents\Studia\4_semestr\Programowanie_w_jezyku_Scala\ants, plugins: List(<none>))) took 34.595ms
[debug] [Loading] Done in C:\Users\Domin\Documents\Studia\4_semestr\Programowanie_w_jezyku_Scala\ants, returning: (root)
[debug]     Load.loadUnit: loadedProjectsRaw took 115.3419ms
[debug]     Load.loadUnit: cleanEvalClasses took 13.4059ms
[debug]   Load.loadUnit(file:/C:/Users/Domin/Documents/Studia/4_semestr/Programowanie_w_jezyku_Scala/ants/, ...) took 668.8751ms
[debug] Load.apply: load took 670.6499ms
[debug] Load.apply: resolveProjects took 0.1123ms
[debug] Load.apply: finalTransforms took 26.0306ms
[debug] Load.apply: config.delegates took 0.3085ms
[debug] Load.apply: Def.make(settings)... took 58.2512ms
[debug] Load.apply: structureIndex took 26.5222ms
[debug] Load.apply: mkStreams took 0.003ms
[info] set current project to ants (in build file:/C:/Users/Domin/Documents/Studia/4_semestr/Programowanie_w_jezyku_Scala/ants/)
[debug] > Exec(sbtPopOnFailure, None, None)
[debug] > Exec(resumeFromFailure, None, None)
[debug] > Exec(notifyUsersAboutShell, None, None)
[debug] > Exec(iflast shell, None, None)
[debug] > Exec(; set ideaPort in Global := 6160 ; idea-shell, None, None)
[debug] > Exec(set ideaPort in Global := 6160, None, None)
[info] Defining Global / ideaPort
[info] The new value will be used by Compile / compile, Test / compile
[debug] Defining 
[debug] 	Global / ideaPort
[debug] 
[debug] The new value will be used by 
[debug] 	Compile / compile
[debug] 	Test / compile
[info] Reapplying settings...
[info] set current project to ants (in build file:/C:/Users/Domin/Documents/Studia/4_semestr/Programowanie_w_jezyku_Scala/ants/)
[debug] > Exec(idea-shell, None, None)
