[debug] > Exec(early(addDefaultCommands), None, None)
[debug] > Exec(addDefaultCommands, None, None)
[debug] > Exec(early(initialize), None, None)
[debug] > Exec(initialize, None, None)
[debug] > Exec(early(addPluginSbtFile="""C:\Users\Domin\AppData\Local\Temp\idea8.sbt"""), None, None)
[debug] > Exec(addPluginSbtFile="""C:\Users\Domin\AppData\Local\Temp\idea8.sbt""", None, None)
[debug] > Exec(boot, None, None)
[debug] > Exec(writeSbtVersion, None, None)
[debug] > Exec(reload, None, None)
[debug] > Exec(sbtStashOnFailure, None, None)
[debug] > Exec(onFailure loadFailed, None, None)
[debug] > Exec(loadp, None, None)
[info] welcome to sbt 1.8.3 (Amazon.com Inc. Java 18.0.2)
[debug]       Load.loadUnit: plugins took 81.5163ms
[debug]       Load.loadUnit: defsScala took 0.3174ms
[debug] [Loading] Scanning directory C:\Users\Domin\.sbt\1.0\plugins
[debug] [Loading] Found non-root projects 
[debug] [Loading] Done in C:\Users\Domin\.sbt\1.0\plugins, returning: ()
[debug] deducing auto plugins based on known facts Set(Atom(sbt.plugins.CorePlugin)) and clauses Clauses(Clause(Atom(sbt.plugins.JvmPlugin),Set(Atom(sbt.plugins.IvyPlugin)))
[debug] Clause(Atom(sbt.ScriptedPlugin),Set(Atom(sbt.plugins.JvmPlugin)))
[debug] Clause(Atom(sbt.plugins.SbtPlugin),Set(Atom(sbt.ScriptedPlugin)))
[debug] Clause(Atom(sbt.plugins.SemanticdbPlugin),Set(Atom(sbt.plugins.JvmPlugin)))
[debug] Clause(Atom(sbt.plugins.JUnitXmlReportPlugin),Set(Atom(sbt.plugins.JvmPlugin)))
[debug] Clause(Atom(sbt.plugins.MiniDependencyTreePlugin),Set(Atom(sbt.plugins.JvmPlugin)))
[debug] Clause(Atom(sbt.plugins.CorePlugin),Set(Atom(sbt.plugins.IvyPlugin)))
[debug] Clause(Atom(sbt.plugins.IvyPlugin),Set(Atom(sbt.plugins.JvmPlugin)))
[debug] Clause(Atom(sbt.plugins.JvmPlugin),Set(Atom(sbt.plugins.SemanticdbPlugin)))
[debug] Clause(Atom(sbt.plugins.JvmPlugin),Set(Atom(sbt.plugins.JUnitXmlReportPlugin)))
[debug] Clause(Atom(sbt.plugins.CorePlugin),Set(Atom(sbt.plugins.Giter8TemplatePlugin)))
[debug] Clause(Atom(sbt.plugins.JvmPlugin),Set(Atom(sbt.plugins.MiniDependencyTreePlugin))))
[debug]   :: deduced result: Matched(sbt.plugins.CorePlugin,sbt.plugins.Giter8TemplatePlugin,sbt.plugins.IvyPlugin,sbt.plugins.JvmPlugin,sbt.plugins.MiniDependencyTreePlugin,sbt.plugins.JUnitXmlReportPlugin,sbt.plugins.SemanticdbPlugin)
[debug] Plugins.deducer#function took 17.8956 ms
[debug]           Load.resolveProject(global-plugins) took 56.1636ms
[debug]         Load.loadTransitive: finalizeProject(Project(id global-plugins, base: C:\Users\Domin\.sbt\1.0\plugins, plugins: List(<none>))) took 98.4757ms
[debug] [Loading] Done in C:\Users\Domin\.sbt\1.0\plugins, returning: (global-plugins)
[debug]       Load.loadUnit: loadedProjectsRaw took 124.9979ms
[debug]       Load.loadUnit: cleanEvalClasses took 0.2434ms
[debug]     Load.loadUnit(file:/C:/Users/Domin/.sbt/1.0/plugins/, ...) took 217.4949ms
[debug]   Load.apply: load took 402.4201ms
[debug]   Load.apply: resolveProjects took 4.5013ms
[debug]   Load.apply: finalTransforms took 50.7946ms
[debug]   Load.apply: config.delegates took 9.1542ms
[debug]   Load.apply: Def.make(settings)... took 373.6951ms
[debug]   Load.apply: structureIndex took 99.5474ms
[debug]   Load.apply: mkStreams took 1.6069ms
[info] loading global plugins from C:\Users\Domin\.sbt\1.0\plugins
[debug] Running task... Cancel: Signal, check cycles: false, forcegc: true
[debug] Load.defaultLoad until apply took 2353.1372ms
[debug]           Load.loadUnit: plugins took 19.2911ms
[debug]           Load.loadUnit: defsScala took 0.003ms
[debug] [Loading] Scanning directory C:\Users\Domin\Documents\Studia\4_semestr\Programowanie_w_jezyku_Scala\ants\project
[debug]             Load.loadUnit: mkEval took 5.0876ms
[debug] [Loading] Found non-root projects 
[debug] [Loading] Done in C:\Users\Domin\Documents\Studia\4_semestr\Programowanie_w_jezyku_Scala\ants\project, returning: ()
[debug] deducing auto plugins based on known facts Set(Atom(sbt.plugins.CorePlugin)) and clauses Clauses(Clause(Atom(sbt.plugins.JvmPlugin),Set(Atom(sbt.plugins.IvyPlugin)))
[debug] Clause(Atom(sbt.ScriptedPlugin),Set(Atom(sbt.plugins.JvmPlugin)))
[debug] Clause(Atom(sbt.plugins.SbtPlugin),Set(Atom(sbt.ScriptedPlugin)))
[debug] Clause(Atom(sbt.plugins.SemanticdbPlugin),Set(Atom(sbt.plugins.JvmPlugin)))
[debug] Clause(Atom(sbt.plugins.JUnitXmlReportPlugin),Set(Atom(sbt.plugins.JvmPlugin)))
[debug] Clause(Atom(sbt.plugins.MiniDependencyTreePlugin),Set(Atom(sbt.plugins.JvmPlugin)))
[debug] Clause(Atom(sbt.plugins.CorePlugin),Set(Atom(sbt.plugins.IvyPlugin)))
[debug] Clause(Atom(sbt.plugins.IvyPlugin),Set(Atom(sbt.plugins.JvmPlugin)))
[debug] Clause(Atom(sbt.plugins.JvmPlugin),Set(Atom(sbt.plugins.SemanticdbPlugin)))
[debug] Clause(Atom(sbt.plugins.JvmPlugin),Set(Atom(sbt.plugins.JUnitXmlReportPlugin)))
[debug] Clause(Atom(sbt.plugins.CorePlugin),Set(Atom(sbt.plugins.Giter8TemplatePlugin)))
[debug] Clause(Atom(sbt.plugins.JvmPlugin),Set(Atom(sbt.plugins.MiniDependencyTreePlugin))))
[debug]   :: deduced result: Matched(sbt.plugins.CorePlugin,sbt.plugins.Giter8TemplatePlugin,sbt.plugins.IvyPlugin,sbt.plugins.JvmPlugin,sbt.plugins.MiniDependencyTreePlugin,sbt.plugins.JUnitXmlReportPlugin,sbt.plugins.SemanticdbPlugin)
[debug] Plugins.deducer#function took 1.3214 ms
[info] loading settings for project ants-build from idea8.sbt ...
[debug]               Load.resolveProject(ants-build) took 2.9378ms
[debug]             Load.loadTransitive: finalizeProject(Project(id ants-build, base: C:\Users\Domin\Documents\Studia\4_semestr\Programowanie_w_jezyku_Scala\ants\project, plugins: List(<none>))) took 4.795ms
[debug] [Loading] Done in C:\Users\Domin\Documents\Studia\4_semestr\Programowanie_w_jezyku_Scala\ants\project, returning: (ants-build)
[debug]           Load.loadUnit: loadedProjectsRaw took 166.0015ms
[debug]           Load.loadUnit: cleanEvalClasses took 7.2186ms
[debug]         Load.loadUnit(file:/C:/Users/Domin/Documents/Studia/4_semestr/Programowanie_w_jezyku_Scala/ants/project/, ...) took 193.6548ms
[debug]       Load.apply: load took 195.6201ms
[debug]       Load.apply: resolveProjects took 0.1316ms
[debug]       Load.apply: finalTransforms took 12.3456ms
[debug]       Load.apply: config.delegates took 0.4216ms
[debug]       Load.apply: Def.make(settings)... took 100.963ms
[debug]       Load.apply: structureIndex took 29.669ms
[debug]       Load.apply: mkStreams took 0.0024ms
[info] loading project definition from C:\Users\Domin\Documents\Studia\4_semestr\Programowanie_w_jezyku_Scala\ants\project
[debug] Running task... Cancel: Signal, check cycles: false, forcegc: true
[debug]     Load.loadUnit: plugins took 592.3576ms
[debug]     Load.loadUnit: defsScala took 0.0071ms
[debug] [Loading] Scanning directory C:\Users\Domin\Documents\Studia\4_semestr\Programowanie_w_jezyku_Scala\ants
[debug]       Load.loadUnit: mkEval took 0.2919ms
[debug] [Loading] Found root project root w/ remaining 
[debug] deducing auto plugins based on known facts Set(Atom(sbt.plugins.CorePlugin)) and clauses Clauses(Clause(Atom(sbt.plugins.JvmPlugin),Set(Atom(sbt.plugins.IvyPlugin)))
[debug] Clause(Atom(sbt.ScriptedPlugin),Set(Atom(sbt.plugins.JvmPlugin)))
[debug] Clause(Atom(sbt.plugins.SbtPlugin),Set(Atom(sbt.ScriptedPlugin)))
[debug] Clause(Atom(sbt.plugins.SemanticdbPlugin),Set(Atom(sbt.plugins.JvmPlugin)))
[debug] Clause(Atom(sbt.plugins.JUnitXmlReportPlugin),Set(Atom(sbt.plugins.JvmPlugin)))
[debug] Clause(Atom(sbt.plugins.MiniDependencyTreePlugin),Set(Atom(sbt.plugins.JvmPlugin)))
[debug] Clause(Atom(org.jetbrains.sbt.StructurePlugin),Set(Atom(sbt.plugins.JvmPlugin)))
[debug] Clause(Atom(org.jetbrains.sbt.IdeaShellPlugin),Set(Atom(sbt.plugins.JvmPlugin)))
[debug] Clause(Atom(org.jetbrains.sbt.indices.SbtIntellijIndicesPlugin),Set(Atom(sbt.plugins.JvmPlugin)))
[debug] Clause(Atom(sbt.plugins.CorePlugin),Set(Atom(sbt.plugins.IvyPlugin)))
[debug] Clause(Atom(sbt.plugins.IvyPlugin),Set(Atom(sbt.plugins.JvmPlugin)))
[debug] Clause(Atom(sbt.plugins.JvmPlugin),Set(Atom(sbt.plugins.SemanticdbPlugin)))
[debug] Clause(Atom(sbt.plugins.JvmPlugin),Set(Atom(sbt.plugins.JUnitXmlReportPlugin)))
[debug] Clause(Atom(sbt.plugins.CorePlugin),Set(Atom(sbt.plugins.Giter8TemplatePlugin)))
[debug] Clause(Atom(sbt.plugins.JvmPlugin),Set(Atom(sbt.plugins.MiniDependencyTreePlugin)))
[debug] Clause(Atom(sbt.plugins.JvmPlugin),Set(Atom(org.jetbrains.sbt.StructurePlugin)))
[debug] Clause(Atom(sbt.plugins.JvmPlugin),Set(Atom(org.jetbrains.sbt.IdeaShellPlugin)))
[debug] Clause(And(Set(Atom(sbt.plugins.CorePlugin), Atom(sbt.plugins.JvmPlugin))),Set(Atom(org.jetbrains.sbt.indices.SbtIntellijIndicesPlugin))))
[debug]   :: deduced result: Matched(sbt.plugins.CorePlugin,sbt.plugins.Giter8TemplatePlugin,sbt.plugins.IvyPlugin,sbt.plugins.JvmPlugin,sbt.plugins.SemanticdbPlugin,org.jetbrains.sbt.indices.SbtIntellijIndicesPlugin,sbt.plugins.JUnitXmlReportPlugin,org.jetbrains.sbt.IdeaShellPlugin,org.jetbrains.sbt.StructurePlugin,sbt.plugins.MiniDependencyTreePlugin)
[debug] Plugins.deducer#function took 1.8177 ms
[info] loading settings for project root from build.sbt ...
[debug]         Load.resolveProject(root) took 26.768ms
[debug]       Load.loadTransitive: finalizeProject(Project(id root, base: C:\Users\Domin\Documents\Studia\4_semestr\Programowanie_w_jezyku_Scala\ants, plugins: List(<none>))) took 30.1018ms
[debug] [Loading] Done in C:\Users\Domin\Documents\Studia\4_semestr\Programowanie_w_jezyku_Scala\ants, returning: (root)
[debug]     Load.loadUnit: loadedProjectsRaw took 104.1923ms
[debug]     Load.loadUnit: cleanEvalClasses took 16.8276ms
[debug]   Load.loadUnit(file:/C:/Users/Domin/Documents/Studia/4_semestr/Programowanie_w_jezyku_Scala/ants/, ...) took 714.6919ms
[debug] Load.apply: load took 716.4987ms
[debug] Load.apply: resolveProjects took 0.1751ms
[debug] Load.apply: finalTransforms took 23.9825ms
[debug] Load.apply: config.delegates took 0.3507ms
[debug] Load.apply: Def.make(settings)... took 67.8232ms
[debug] Load.apply: structureIndex took 24.8548ms
[debug] Load.apply: mkStreams took 0.002ms
[info] set current project to ants (in build file:/C:/Users/Domin/Documents/Studia/4_semestr/Programowanie_w_jezyku_Scala/ants/)
[debug] > Exec(sbtPopOnFailure, None, None)
[debug] > Exec(resumeFromFailure, None, None)
[debug] > Exec(notifyUsersAboutShell, None, None)
[debug] > Exec(iflast shell, None, None)
[debug] > Exec(; set ideaPort in Global := 6160 ; idea-shell, None, None)
[debug] > Exec(set ideaPort in Global := 6160, None, None)
[info] Defining Global / ideaPort
[info] The new value will be used by Compile / compile, Test / compile
[debug] Defining 
[debug] 	Global / ideaPort
[debug] 
[debug] The new value will be used by 
[debug] 	Compile / compile
[debug] 	Test / compile
[info] Reapplying settings...
[info] set current project to ants (in build file:/C:/Users/Domin/Documents/Studia/4_semestr/Programowanie_w_jezyku_Scala/ants/)
[debug] > Exec(idea-shell, None, None)
