[debug] > Exec(early(addDefaultCommands), None, None)
[debug] > Exec(addDefaultCommands, None, None)
[debug] > Exec(early(initialize), None, None)
[debug] > Exec(initialize, None, None)
[debug] > Exec(early(addPluginSbtFile="""C:\Users\Domin\AppData\Local\Temp\idea1.sbt"""), None, None)
[debug] > Exec(addPluginSbtFile="""C:\Users\Domin\AppData\Local\Temp\idea1.sbt""", None, None)
[debug] > Exec(boot, None, None)
[debug] > Exec(writeSbtVersion, None, None)
[debug] > Exec(reload, None, None)
[debug] > Exec(sbtStashOnFailure, None, None)
[debug] > Exec(onFailure loadFailed, None, None)
[debug] > Exec(loadp, None, None)
[info] welcome to sbt 1.8.3 (Amazon.com Inc. Java 18.0.2)
[debug]       Load.loadUnit: plugins took 88.3081ms
[debug]       Load.loadUnit: defsScala took 0.2163ms
[debug] [Loading] Scanning directory C:\Users\Domin\.sbt\1.0\plugins
[debug] [Loading] Found non-root projects 
[debug] [Loading] Done in C:\Users\Domin\.sbt\1.0\plugins, returning: ()
[debug] deducing auto plugins based on known facts Set(Atom(sbt.plugins.CorePlugin)) and clauses Clauses(Clause(Atom(sbt.plugins.JvmPlugin),Set(Atom(sbt.plugins.IvyPlugin)))
[debug] Clause(Atom(sbt.ScriptedPlugin),Set(Atom(sbt.plugins.JvmPlugin)))
[debug] Clause(Atom(sbt.plugins.SbtPlugin),Set(Atom(sbt.ScriptedPlugin)))
[debug] Clause(Atom(sbt.plugins.SemanticdbPlugin),Set(Atom(sbt.plugins.JvmPlugin)))
[debug] Clause(Atom(sbt.plugins.JUnitXmlReportPlugin),Set(Atom(sbt.plugins.JvmPlugin)))
[debug] Clause(Atom(sbt.plugins.MiniDependencyTreePlugin),Set(Atom(sbt.plugins.JvmPlugin)))
[debug] Clause(Atom(sbt.plugins.CorePlugin),Set(Atom(sbt.plugins.IvyPlugin)))
[debug] Clause(Atom(sbt.plugins.IvyPlugin),Set(Atom(sbt.plugins.JvmPlugin)))
[debug] Clause(Atom(sbt.plugins.JvmPlugin),Set(Atom(sbt.plugins.SemanticdbPlugin)))
[debug] Clause(Atom(sbt.plugins.JvmPlugin),Set(Atom(sbt.plugins.JUnitXmlReportPlugin)))
[debug] Clause(Atom(sbt.plugins.CorePlugin),Set(Atom(sbt.plugins.Giter8TemplatePlugin)))
[debug] Clause(Atom(sbt.plugins.JvmPlugin),Set(Atom(sbt.plugins.MiniDependencyTreePlugin))))
[debug]   :: deduced result: Matched(sbt.plugins.CorePlugin,sbt.plugins.Giter8TemplatePlugin,sbt.plugins.IvyPlugin,sbt.plugins.JvmPlugin,sbt.plugins.MiniDependencyTreePlugin,sbt.plugins.JUnitXmlReportPlugin,sbt.plugins.SemanticdbPlugin)
[debug] Plugins.deducer#function took 19.4152 ms
[debug]           Load.resolveProject(global-plugins) took 38.2119ms
[debug]         Load.loadTransitive: finalizeProject(Project(id global-plugins, base: C:\Users\Domin\.sbt\1.0\plugins, plugins: List(<none>))) took 78.0165ms
[debug] [Loading] Done in C:\Users\Domin\.sbt\1.0\plugins, returning: (global-plugins)
[debug]       Load.loadUnit: loadedProjectsRaw took 107.4454ms
[debug]       Load.loadUnit: cleanEvalClasses took 0.347ms
[debug]     Load.loadUnit(file:/C:/Users/Domin/.sbt/1.0/plugins/, ...) took 206.2289ms
[debug]   Load.apply: load took 403.6151ms
[debug]   Load.apply: resolveProjects took 4.1627ms
[debug]   Load.apply: finalTransforms took 51.6955ms
[debug]   Load.apply: config.delegates took 9.163ms
[debug]   Load.apply: Def.make(settings)... took 350.8631ms
[debug]   Load.apply: structureIndex took 89.5224ms
[debug]   Load.apply: mkStreams took 1.535ms
[info] loading global plugins from C:\Users\Domin\.sbt\1.0\plugins
[debug] Running task... Cancel: Signal, check cycles: false, forcegc: true
[debug] Load.defaultLoad until apply took 1960.3478ms
[debug]           Load.loadUnit: plugins took 18.3533ms
[debug]           Load.loadUnit: defsScala took 0.0042ms
[debug] [Loading] Scanning directory C:\Users\Domin\Documents\Studia\4_semestr\Programowanie_w_jezyku_Scala\ants\project
[debug]             Load.loadUnit: mkEval took 4.0569ms
[debug] [Loading] Found non-root projects 
[debug] [Loading] Done in C:\Users\Domin\Documents\Studia\4_semestr\Programowanie_w_jezyku_Scala\ants\project, returning: ()
[debug] deducing auto plugins based on known facts Set(Atom(sbt.plugins.CorePlugin)) and clauses Clauses(Clause(Atom(sbt.plugins.JvmPlugin),Set(Atom(sbt.plugins.IvyPlugin)))
[debug] Clause(Atom(sbt.ScriptedPlugin),Set(Atom(sbt.plugins.JvmPlugin)))
[debug] Clause(Atom(sbt.plugins.SbtPlugin),Set(Atom(sbt.ScriptedPlugin)))
[debug] Clause(Atom(sbt.plugins.SemanticdbPlugin),Set(Atom(sbt.plugins.JvmPlugin)))
[debug] Clause(Atom(sbt.plugins.JUnitXmlReportPlugin),Set(Atom(sbt.plugins.JvmPlugin)))
[debug] Clause(Atom(sbt.plugins.MiniDependencyTreePlugin),Set(Atom(sbt.plugins.JvmPlugin)))
[debug] Clause(Atom(sbt.plugins.CorePlugin),Set(Atom(sbt.plugins.IvyPlugin)))
[debug] Clause(Atom(sbt.plugins.IvyPlugin),Set(Atom(sbt.plugins.JvmPlugin)))
[debug] Clause(Atom(sbt.plugins.JvmPlugin),Set(Atom(sbt.plugins.SemanticdbPlugin)))
[debug] Clause(Atom(sbt.plugins.JvmPlugin),Set(Atom(sbt.plugins.JUnitXmlReportPlugin)))
[debug] Clause(Atom(sbt.plugins.CorePlugin),Set(Atom(sbt.plugins.Giter8TemplatePlugin)))
[debug] Clause(Atom(sbt.plugins.JvmPlugin),Set(Atom(sbt.plugins.MiniDependencyTreePlugin))))
[debug]   :: deduced result: Matched(sbt.plugins.CorePlugin,sbt.plugins.Giter8TemplatePlugin,sbt.plugins.IvyPlugin,sbt.plugins.JvmPlugin,sbt.plugins.MiniDependencyTreePlugin,sbt.plugins.JUnitXmlReportPlugin,sbt.plugins.SemanticdbPlugin)
[debug] Plugins.deducer#function took 1.5101 ms
[info] loading settings for project ants-build from idea1.sbt ...
[debug]               Load.resolveProject(ants-build) took 2.2641ms
[debug]             Load.loadTransitive: finalizeProject(Project(id ants-build, base: C:\Users\Domin\Documents\Studia\4_semestr\Programowanie_w_jezyku_Scala\ants\project, plugins: List(<none>))) took 4.1853ms
[debug] [Loading] Done in C:\Users\Domin\Documents\Studia\4_semestr\Programowanie_w_jezyku_Scala\ants\project, returning: (ants-build)
[debug]           Load.loadUnit: loadedProjectsRaw took 107.0665ms
[debug]           Load.loadUnit: cleanEvalClasses took 4.8815ms
[debug]         Load.loadUnit(file:/C:/Users/Domin/Documents/Studia/4_semestr/Programowanie_w_jezyku_Scala/ants/project/, ...) took 131.2963ms
[debug]       Load.apply: load took 132.6854ms
[debug]       Load.apply: resolveProjects took 0.1635ms
[debug]       Load.apply: finalTransforms took 11.2011ms
[debug]       Load.apply: config.delegates took 0.3811ms
[debug]       Load.apply: Def.make(settings)... took 80.6267ms
[debug]       Load.apply: structureIndex took 24.6884ms
[debug]       Load.apply: mkStreams took 0.0018ms
[info] loading project definition from C:\Users\Domin\Documents\Studia\4_semestr\Programowanie_w_jezyku_Scala\ants\project
[debug] Running task... Cancel: Signal, check cycles: false, forcegc: true
[debug]     Load.loadUnit: plugins took 481.9206ms
[debug]     Load.loadUnit: defsScala took 0.002ms
[debug] [Loading] Scanning directory C:\Users\Domin\Documents\Studia\4_semestr\Programowanie_w_jezyku_Scala\ants
[debug]       Load.loadUnit: mkEval took 0.2517ms
[debug] [Loading] Found root project root w/ remaining 
[debug] deducing auto plugins based on known facts Set(Atom(sbt.plugins.CorePlugin)) and clauses Clauses(Clause(Atom(sbt.plugins.JvmPlugin),Set(Atom(sbt.plugins.IvyPlugin)))
[debug] Clause(Atom(sbt.ScriptedPlugin),Set(Atom(sbt.plugins.JvmPlugin)))
[debug] Clause(Atom(sbt.plugins.SbtPlugin),Set(Atom(sbt.ScriptedPlugin)))
[debug] Clause(Atom(sbt.plugins.SemanticdbPlugin),Set(Atom(sbt.plugins.JvmPlugin)))
[debug] Clause(Atom(sbt.plugins.JUnitXmlReportPlugin),Set(Atom(sbt.plugins.JvmPlugin)))
[debug] Clause(Atom(sbt.plugins.MiniDependencyTreePlugin),Set(Atom(sbt.plugins.JvmPlugin)))
[debug] Clause(Atom(org.jetbrains.sbt.StructurePlugin),Set(Atom(sbt.plugins.JvmPlugin)))
[debug] Clause(Atom(org.jetbrains.sbt.IdeaShellPlugin),Set(Atom(sbt.plugins.JvmPlugin)))
[debug] Clause(Atom(org.jetbrains.sbt.indices.SbtIntellijIndicesPlugin),Set(Atom(sbt.plugins.JvmPlugin)))
[debug] Clause(Atom(sbt.plugins.CorePlugin),Set(Atom(sbt.plugins.IvyPlugin)))
[debug] Clause(Atom(sbt.plugins.IvyPlugin),Set(Atom(sbt.plugins.JvmPlugin)))
[debug] Clause(Atom(sbt.plugins.JvmPlugin),Set(Atom(sbt.plugins.SemanticdbPlugin)))
[debug] Clause(Atom(sbt.plugins.JvmPlugin),Set(Atom(sbt.plugins.JUnitXmlReportPlugin)))
[debug] Clause(Atom(sbt.plugins.CorePlugin),Set(Atom(sbt.plugins.Giter8TemplatePlugin)))
[debug] Clause(Atom(sbt.plugins.JvmPlugin),Set(Atom(sbt.plugins.MiniDependencyTreePlugin)))
[debug] Clause(Atom(sbt.plugins.JvmPlugin),Set(Atom(org.jetbrains.sbt.StructurePlugin)))
[debug] Clause(Atom(sbt.plugins.JvmPlugin),Set(Atom(org.jetbrains.sbt.IdeaShellPlugin)))
[debug] Clause(And(Set(Atom(sbt.plugins.CorePlugin), Atom(sbt.plugins.JvmPlugin))),Set(Atom(org.jetbrains.sbt.indices.SbtIntellijIndicesPlugin))))
[debug]   :: deduced result: Matched(sbt.plugins.CorePlugin,sbt.plugins.Giter8TemplatePlugin,sbt.plugins.IvyPlugin,sbt.plugins.JvmPlugin,sbt.plugins.SemanticdbPlugin,org.jetbrains.sbt.indices.SbtIntellijIndicesPlugin,sbt.plugins.JUnitXmlReportPlugin,org.jetbrains.sbt.IdeaShellPlugin,org.jetbrains.sbt.StructurePlugin,sbt.plugins.MiniDependencyTreePlugin)
[debug] Plugins.deducer#function took 2.1309 ms
[info] loading settings for project root from build.sbt ...
[debug]         Load.resolveProject(root) took 29.8325ms
[debug]       Load.loadTransitive: finalizeProject(Project(id root, base: C:\Users\Domin\Documents\Studia\4_semestr\Programowanie_w_jezyku_Scala\ants, plugins: List(<none>))) took 33.5997ms
[debug] [Loading] Done in C:\Users\Domin\Documents\Studia\4_semestr\Programowanie_w_jezyku_Scala\ants, returning: (root)
[debug]     Load.loadUnit: loadedProjectsRaw took 117.3844ms
[debug]     Load.loadUnit: cleanEvalClasses took 17.0576ms
[debug]   Load.loadUnit(file:/C:/Users/Domin/Documents/Studia/4_semestr/Programowanie_w_jezyku_Scala/ants/, ...) took 617.3326ms
[debug] Load.apply: load took 619.0263ms
[debug] Load.apply: resolveProjects took 0.146ms
[debug] Load.apply: finalTransforms took 25.1194ms
[debug] Load.apply: config.delegates took 0.3652ms
[debug] Load.apply: Def.make(settings)... took 87.9667ms
[debug] Load.apply: structureIndex took 23.5961ms
[debug] Load.apply: mkStreams took 0.0029ms
[info] set current project to ants (in build file:/C:/Users/Domin/Documents/Studia/4_semestr/Programowanie_w_jezyku_Scala/ants/)
[debug] > Exec(sbtPopOnFailure, None, None)
[debug] > Exec(resumeFromFailure, None, None)
[debug] > Exec(notifyUsersAboutShell, None, None)
[debug] > Exec(iflast shell, None, None)
[debug] > Exec(; set ideaPort in Global := 6160 ; idea-shell, None, None)
[debug] > Exec(set ideaPort in Global := 6160, None, None)
[info] Defining Global / ideaPort
[info] The new value will be used by Compile / compile, Test / compile
[debug] Defining 
[debug] 	Global / ideaPort
[debug] 
[debug] The new value will be used by 
[debug] 	Compile / compile
[debug] 	Test / compile
[info] Reapplying settings...
[info] set current project to ants (in build file:/C:/Users/Domin/Documents/Studia/4_semestr/Programowanie_w_jezyku_Scala/ants/)
[debug] > Exec(idea-shell, None, None)
